#
# A fatal error has been detected by the Java Runtime Environment:
#
#  SIGSEGV (0xb) at pc=0x00007fd36b874c61, pid=16603, tid=16616
#
# JRE version: OpenJDK Runtime Environment 18.9 (11.0.10+9) (build 11.0.10+9-LTS)
# Java VM: OpenJDK 64-Bit Server VM 18.9 (11.0.10+9-LTS, mixed mode, sharing, tiered, compressed oops, g1 gc, linux-amd64)
# Problematic frame:
# V  [libjvm.so+0x6d5c61]  ConstantPool::impl_name_and_type_ref_index_at(int, bool)+0x21
#
# No core dump will be written. Core dumps have been disabled. To enable core dumping, try "ulimit -c unlimited" before starting Java again
#
# If you would like to submit a bug report, please visit:
#   https://bugzilla.redhat.com/enter_bug.cgi?product=Red%20Hat%20Enterprise%20Linux%207&component=java-11-openjdk
#

---------------  S U M M A R Y ------------

Command Line: -agentlib:jdwp=transport=dt_socket,suspend=y,address=localhost:44771 -ea -javaagent:/home/fdidev/.eclipse/org.eclipse.platform_4.18.0_1473617060_linux_gtk_x86_64/configuration/org.eclipse.osgi/400/0/.cp/lib/javaagent-shaded.jar -Dfile.encoding=UTF-8 org.eclipse.jdt.internal.junit.runner.RemoteTestRunner -version 3 -port 45995 -testLoaderClass org.eclipse.jdt.internal.junit4.runner.JUnit4TestLoader -loaderpluginname org.eclipse.jdt.junit4.runtime -classNames org.ghotibeaun.json.marshalling.MarshallingTests

Host: Intel(R) Xeon(R) CPU E3-1505M v6 @ 3.00GHz, 4 cores, 7G, CentOS Linux release 7.9.2009 (Core)
Time: Thu Feb 11 18:07:39 2021 MST elapsed time: 370.419924 seconds (0d 0h 6m 10s)

---------------  T H R E A D  ---------------

Current thread (0x00007fd364175000):  VMThread "VM Thread" [stack: 0x00007fd34c517000,0x00007fd34c617000] [id=16616]

Stack: [0x00007fd34c517000,0x00007fd34c617000],  sp=0x00007fd34c6153f0,  free space=1016k
Native frames: (J=compiled Java code, A=aot compiled Java code, j=interpreted, Vv=VM code, C=native code)
V  [libjvm.so+0x6d5c61]  ConstantPool::impl_name_and_type_ref_index_at(int, bool)+0x21
V  [libjvm.so+0x830504]  GenerateOopMap::do_field(int, int, int, int)+0x44
V  [libjvm.so+0x8327e4]  GenerateOopMap::interp_bb(BasicBlock*)+0x2c4
V  [libjvm.so+0x834361]  GenerateOopMap::do_interpretation()+0x91
V  [libjvm.so+0x834649]  GenerateOopMap::compute_map(Thread*)+0x279
V  [libjvm.so+0xc244f7]  OopMapForCacheEntry::compute_map(Thread*)+0x67
V  [libjvm.so+0xc250cd]  OopMapCacheEntry::fill(methodHandle const&, int)+0x11d
V  [libjvm.so+0xc259b1]  OopMapCache::compute_one_oop_map(methodHandle const&, int, InterpreterOopMap*)+0x71
V  [libjvm.so+0xbbbd35]  Method::mask_for(int, InterpreterOopMap*)+0x85
V  [libjvm.so+0xa46b0a]  VM_GetOrSetLocal::doit()+0x5a
V  [libjvm.so+0xee7ea0]  VM_Operation::evaluate()+0xe0
V  [libjvm.so+0xeedd3f]  VMThread::evaluate_operation(VM_Operation*)+0x11f
V  [libjvm.so+0xeee1be]  VMThread::loop()+0x28e
V  [libjvm.so+0xeee72c]  VMThread::run()+0x7c
V  [libjvm.so+0xe78fea]  Thread::call_run()+0x16a
V  [libjvm.so+0xc3da48]  thread_native_entry(Thread*)+0xf8


siginfo: si_signo: 11 (SIGSEGV), si_code: 2 (SEGV_ACCERR), si_addr: 0x00007fd33de04318

Register to memory mapping:

RAX=0x00007fd33de04318 is an unknown value
RBX=0x00007fd34c6156f0 points into unknown readable memory: 0x00007fd36c67d630 | 30 d6 67 6c d3 7f 00 00
RCX=0x000000000000ca09 is an unknown value
RDX=0x0 is NULL
RSP=0x00007fd34c6153f0 points into unknown readable memory: 0x00007fd34c615460 | 60 54 61 4c d3 7f 00 00
RBP=0x00007fd34c6153f0 points into unknown readable memory: 0x00007fd34c615460 | 60 54 61 4c d3 7f 00 00
RSI=0x0000000000194120 is an unknown value
RDI=0x00007fd33dc598b0 is pointing into metadata
R8 =0x0000000000000039 is an unknown value
R9 =0x00007fd33dc59df1 is pointing into metadata
R10=0x8fffffff8fffffff is an unknown value
R11=0x0 is NULL
R12=0x0000000000000001 is an unknown value
R13=0x00007fd33dc598b0 is pointing into metadata
R14=0x0000000000000001 is an unknown value
R15=0x0000000000000039 is an unknown value


Registers:
RAX=0x00007fd33de04318, RBX=0x00007fd34c6156f0, RCX=0x000000000000ca09, RDX=0x0000000000000000
RSP=0x00007fd34c6153f0, RBP=0x00007fd34c6153f0, RSI=0x0000000000194120, RDI=0x00007fd33dc598b0
R8 =0x0000000000000039, R9 =0x00007fd33dc59df1, R10=0x8fffffff8fffffff, R11=0x0000000000000000
R12=0x0000000000000001, R13=0x00007fd33dc598b0, R14=0x0000000000000001, R15=0x0000000000000039
RIP=0x00007fd36b874c61, EFLAGS=0x0000000000010202, CSGSFS=0xffff000000000033, ERR=0x0000000000000004
  TRAPNO=0x000000000000000e

Top of Stack: (sp=0x00007fd34c6153f0)
0x00007fd34c6153f0:   00007fd34c615460 00007fd36b9cf504
0x00007fd34c615400:   00007fd364175000 0000004e0000004d
0x00007fd34c615410:   00007fd33dc59e50 00007fd34c6156f0
0x00007fd34c615420:   00007fd34c615460 693df20889805300 

Instructions: (pc=0x00007fd36b874c61)
0x00007fd36b874b61:   0f b6 44 30 04 3c 6a 75 bd 0f b7 44 f7 42 48 83
0x00007fd36b874b71:   c7 40 5d 0f b7 04 c7 48 8b 04 c7 c3 0f 1f 00 f7
0x00007fd36b874b81:   d6 48 83 c7 40 48 63 f6 48 c1 e6 05 48 8d 44 30
0x00007fd36b874b91:   28 48 8b 00 0f b7 c0 0f b7 44 c7 02 eb 91 90 55
0x00007fd36b874ba1:   84 d2 48 89 e5 75 38 48 8b 47 10 48 85 c0 74 2f
0x00007fd36b874bb1:   85 f6 78 6b 48 63 f6 48 c1 e6 05 48 8d 44 30 28
0x00007fd36b874bc1:   48 8b 30 0f b7 f6 48 83 c7 40 0f b7 44 f7 02 0f
0x00007fd36b874bd1:   b7 44 c7 02 5d 48 8b 04 c7 c3 0f 1f 44 00 00 48
0x00007fd36b874be1:   8b 47 08 48 63 f6 0f b6 44 30 04 3c 12 74 1a 48
0x00007fd36b874bf1:   8b 47 08 0f b6 44 30 04 3c 11 74 0d 48 8b 47 08
0x00007fd36b874c01:   0f b6 44 30 04 3c 6a 75 bd 0f b7 44 f7 42 48 83
0x00007fd36b874c11:   c7 40 5d 0f b7 44 c7 02 48 8b 04 c7 c3 66 90 f7
0x00007fd36b874c21:   d6 48 83 c7 40 48 63 f6 48 c1 e6 05 48 8d 44 30
0x00007fd36b874c31:   28 48 8b 00 0f b7 c0 0f b7 44 c7 02 eb 91 90 55
0x00007fd36b874c41:   84 d2 48 89 e5 75 28 48 8b 47 10 48 85 c0 74 1f
0x00007fd36b874c51:   85 f6 78 4b 48 63 f6 48 c1 e6 05 48 8d 44 30 28
0x00007fd36b874c61:   48 8b 30 0f b7 f6 0f b7 44 f7 42 5d c3 66 90 48
0x00007fd36b874c71:   8b 47 08 48 63 f6 0f b6 44 30 04 3c 12 74 e7 48
0x00007fd36b874c81:   8b 47 08 0f b6 44 30 04 3c 11 74 da 48 8b 47 08
0x00007fd36b874c91:   0f b6 44 30 04 0f b7 44 f7 42 eb cf 0f 1f 00 f7
0x00007fd36b874ca1:   d6 48 63 f6 48 c1 e6 05 48 8d 44 30 28 5d 48 8b
0x00007fd36b874cb1:   00 0f b7 c0 0f b7 44 c7 42 c3 90 0f 1f 40 00 55
0x00007fd36b874cc1:   84 d2 48 89 e5 75 1f 48 8b 47 10 48 85 c0 74 16
0x00007fd36b874cd1:   85 f6 78 23 48 63 f6 48 c1 e6 05 48 8d 44 30 28
0x00007fd36b874ce1:   48 8b 30 0f b7 f6 48 8b 47 08 48 63 f6 0f b6 44
0x00007fd36b874cf1:   30 04 5d c3 0f 1f 00 f7 d6 eb d9 0f 1f 40 00 55
0x00007fd36b874d01:   48 89 e5 41 55 41 89 d5 41 54 49 89 fc 53 48 63
0x00007fd36b874d11:   de 48 83 ec 08 85 db 78 36 45 84 ed 75 19 49 8b
0x00007fd36b874d21:   44 24 10 48 85 c0 74 0f 48 c1 e3 05 48 8d 44 18
0x00007fd36b874d31:   28 48 8b 18 0f b7 db 41 0f b7 44 dc 40 48 83 c4
0x00007fd36b874d41:   08 5b 41 5c 41 5d 5d c3 0f 1f 80 00 00 00 00 48
0x00007fd36b874d51:   8d 05 09 9e e1 00 48 8d 0d f2 5e 8b 00 48 8d 15 


Stack slot to memory mapping:
stack at sp + 0 slots: 0x00007fd34c615460 points into unknown readable memory: 0x00007fd34c615510 | 10 55 61 4c d3 7f 00 00
stack at sp + 1 slots: 0x00007fd36b9cf504: <offset 0x0000000000830504> in /usr/lib/jvm/java-11-openjdk-11.0.10.0.9-0.el7_9.x86_64/lib/server/libjvm.so at 0x00007fd36b19f000
stack at sp + 2 slots: 0x00007fd364175000 points into unknown readable memory: 0x00007fd36c687830 | 30 78 68 6c d3 7f 00 00
stack at sp + 3 slots: 0x0000004e0000004d is an unknown value
stack at sp + 4 slots: {method} {0x00007fd33dc59e50} 'testBasic' '()V' in 'org/ghotibeaun/json/marshalling/MarshallingTests'
stack at sp + 5 slots: 0x00007fd34c6156f0 points into unknown readable memory: 0x00007fd36c67d630 | 30 d6 67 6c d3 7f 00 00
stack at sp + 6 slots: 0x00007fd34c615460 points into unknown readable memory: 0x00007fd34c615510 | 10 55 61 4c d3 7f 00 00
stack at sp + 7 slots: 0x693df20889805300 is an unknown value

VM_Operation (0x00007fd33d3f6920): GetOrSetLocal, mode: safepoint, requested by thread 0x00007fd364215800


---------------  P R O C E S S  ---------------

Threads class SMR info:
_java_thread_list=0x00007fd304023360, length=13, elements={
0x00007fd364017800, 0x00007fd364178000, 0x00007fd36417a000, 0x00007fd36417f800,
0x00007fd364181800, 0x00007fd364184000, 0x00007fd364186000, 0x00007fd364188000,
0x00007fd3641c5800, 0x00007fd364215800, 0x00007fd36421a800, 0x00007fd2f8001000,
0x00007fd36430d000
}

Java Threads: ( => current thread )
  0x00007fd364017800 JavaThread "main" [_thread_blocked, id=16610, stack(0x00007fd36d43e000,0x00007fd36d53f000)]
  0x00007fd364178000 JavaThread "Reference Handler" daemon [_thread_blocked, id=16617, stack(0x00007fd34c414000,0x00007fd34c515000)]
  0x00007fd36417a000 JavaThread "Finalizer" daemon [_thread_blocked, id=16618, stack(0x00007fd34c313000,0x00007fd34c414000)]
  0x00007fd36417f800 JavaThread "Signal Dispatcher" daemon [_thread_blocked, id=16619, stack(0x00007fd34c212000,0x00007fd34c313000)]
  0x00007fd364181800 JavaThread "Service Thread" daemon [_thread_blocked, id=16620, stack(0x00007fd34c111000,0x00007fd34c212000)]
  0x00007fd364184000 JavaThread "C2 CompilerThread0" daemon [_thread_blocked, id=16621, stack(0x00007fd34c010000,0x00007fd34c111000)]
  0x00007fd364186000 JavaThread "C1 CompilerThread0" daemon [_thread_blocked, id=16622, stack(0x00007fd3441df000,0x00007fd3442e0000)]
  0x00007fd364188000 JavaThread "Sweeper thread" daemon [_thread_blocked, id=16623, stack(0x00007fd3440de000,0x00007fd3441df000)]
  0x00007fd3641c5800 JavaThread "Common-Cleaner" daemon [_thread_blocked, id=16624, stack(0x00007fd33d6ff000,0x00007fd33d800000)]
  0x00007fd364215800 JavaThread "JDWP Transport Listener: dt_socket" daemon [_thread_blocked, id=16629, stack(0x00007fd33d2f7000,0x00007fd33d3f8000)] _threads_hazard_ptr=0x00007fd304023360
  0x00007fd36421a800 JavaThread "JDWP Event Helper Thread" daemon [_thread_blocked, id=16630, stack(0x00007fd33d1f6000,0x00007fd33d2f7000)]
  0x00007fd2f8001000 JavaThread "JDWP Command Reader" daemon [_thread_in_native, id=16631, stack(0x00007fd33d0f5000,0x00007fd33d1f6000)]
  0x00007fd36430d000 JavaThread "ReaderThread" [_thread_in_native, id=16636, stack(0x00007fd33c8c5000,0x00007fd33c9c6000)]

Other Threads:
=>0x00007fd364175000 VMThread "VM Thread" [stack: 0x00007fd34c517000,0x00007fd34c617000] [id=16616]
  0x00007fd36430b800 WatcherThread [stack: 0x00007fd33cbcb000,0x00007fd33cccb000] [id=16635]
  0x00007fd36402f800 GCTaskThread "GC Thread#0" [stack: 0x00007fd3695f7000,0x00007fd3696f7000] [id=16611]
  0x00007fd364060800 ConcurrentGCThread "G1 Main Marker" [stack: 0x00007fd36857b000,0x00007fd36867b000] [id=16612]
  0x00007fd364062800 ConcurrentGCThread "G1 Conc#0" [stack: 0x00007fd368479000,0x00007fd368579000] [id=16613]
  0x00007fd3640db000 ConcurrentGCThread "G1 Refine#0" [stack: 0x00007fd34c79c000,0x00007fd34c89c000] [id=16614]
  0x00007fd3640dc800 ConcurrentGCThread "G1 Young RemSet Sampling" [stack: 0x00007fd34c69a000,0x00007fd34c79a000] [id=16615]

Threads with active compile tasks:

VM state:at safepoint (normal execution)

VM Mutex/Monitor currently owned by a thread:  ([mutex/lock_event])
[0x00007fd364014a80] Threads_lock - owner thread: 0x00007fd364175000

Heap address: 0x0000000085c00000, size: 1956 MB, Compressed Oops mode: 32-bit
Narrow klass base: 0x0000000800000000, Narrow klass shift: 3
Compressed class space size: 1073741824 Address: 0x0000000840000000

Heap:
 garbage-first heap   total 129024K, used 14024K [0x0000000085c00000, 0x0000000100000000)
  region size 1024K, 14 young (14336K), 0 survivors (0K)
 Metaspace       used 4558K, capacity 5708K, committed 6016K, reserved 1056768K
  class space    used 465K, capacity 559K, committed 640K, reserved 1048576K
Heap Regions: E=young(eden), S=young(survivor), O=old, HS=humongous(starts), HC=humongous(continues), CS=collection set, F=free, A=archive, TAMS=top-at-mark-start (previous, next)
|   0|0x0000000085c00000, 0x0000000085c00000, 0x0000000085d00000|  0%| F|  |TAMS 0x0000000085c00000, 0x0000000085c00000| Untracked 
|   1|0x0000000085d00000, 0x0000000085d00000, 0x0000000085e00000|  0%| F|  |TAMS 0x0000000085d00000, 0x0000000085d00000| Untracked 
|   2|0x0000000085e00000, 0x0000000085e00000, 0x0000000085f00000|  0%| F|  |TAMS 0x0000000085e00000, 0x0000000085e00000| Untracked 
|   3|0x0000000085f00000, 0x0000000085f00000, 0x0000000086000000|  0%| F|  |TAMS 0x0000000085f00000, 0x0000000085f00000| Untracked 
|   4|0x0000000086000000, 0x0000000086000000, 0x0000000086100000|  0%| F|  |TAMS 0x0000000086000000, 0x0000000086000000| Untracked 
|   5|0x0000000086100000, 0x0000000086100000, 0x0000000086200000|  0%| F|  |TAMS 0x0000000086100000, 0x0000000086100000| Untracked 
|   6|0x0000000086200000, 0x0000000086200000, 0x0000000086300000|  0%| F|  |TAMS 0x0000000086200000, 0x0000000086200000| Untracked 
|   7|0x0000000086300000, 0x0000000086300000, 0x0000000086400000|  0%| F|  |TAMS 0x0000000086300000, 0x0000000086300000| Untracked 
|   8|0x0000000086400000, 0x0000000086400000, 0x0000000086500000|  0%| F|  |TAMS 0x0000000086400000, 0x0000000086400000| Untracked 
|   9|0x0000000086500000, 0x0000000086500000, 0x0000000086600000|  0%| F|  |TAMS 0x0000000086500000, 0x0000000086500000| Untracked 
|  10|0x0000000086600000, 0x0000000086600000, 0x0000000086700000|  0%| F|  |TAMS 0x0000000086600000, 0x0000000086600000| Untracked 
|  11|0x0000000086700000, 0x0000000086700000, 0x0000000086800000|  0%| F|  |TAMS 0x0000000086700000, 0x0000000086700000| Untracked 
|  12|0x0000000086800000, 0x0000000086800000, 0x0000000086900000|  0%| F|  |TAMS 0x0000000086800000, 0x0000000086800000| Untracked 
|  13|0x0000000086900000, 0x0000000086900000, 0x0000000086a00000|  0%| F|  |TAMS 0x0000000086900000, 0x0000000086900000| Untracked 
|  14|0x0000000086a00000, 0x0000000086a00000, 0x0000000086b00000|  0%| F|  |TAMS 0x0000000086a00000, 0x0000000086a00000| Untracked 
|  15|0x0000000086b00000, 0x0000000086b00000, 0x0000000086c00000|  0%| F|  |TAMS 0x0000000086b00000, 0x0000000086b00000| Untracked 
|  16|0x0000000086c00000, 0x0000000086c00000, 0x0000000086d00000|  0%| F|  |TAMS 0x0000000086c00000, 0x0000000086c00000| Untracked 
|  17|0x0000000086d00000, 0x0000000086d00000, 0x0000000086e00000|  0%| F|  |TAMS 0x0000000086d00000, 0x0000000086d00000| Untracked 
|  18|0x0000000086e00000, 0x0000000086e00000, 0x0000000086f00000|  0%| F|  |TAMS 0x0000000086e00000, 0x0000000086e00000| Untracked 
|  19|0x0000000086f00000, 0x0000000086f00000, 0x0000000087000000|  0%| F|  |TAMS 0x0000000086f00000, 0x0000000086f00000| Untracked 
|  20|0x0000000087000000, 0x0000000087000000, 0x0000000087100000|  0%| F|  |TAMS 0x0000000087000000, 0x0000000087000000| Untracked 
|  21|0x0000000087100000, 0x0000000087100000, 0x0000000087200000|  0%| F|  |TAMS 0x0000000087100000, 0x0000000087100000| Untracked 
|  22|0x0000000087200000, 0x0000000087200000, 0x0000000087300000|  0%| F|  |TAMS 0x0000000087200000, 0x0000000087200000| Untracked 
|  23|0x0000000087300000, 0x0000000087300000, 0x0000000087400000|  0%| F|  |TAMS 0x0000000087300000, 0x0000000087300000| Untracked 
|  24|0x0000000087400000, 0x0000000087400000, 0x0000000087500000|  0%| F|  |TAMS 0x0000000087400000, 0x0000000087400000| Untracked 
|  25|0x0000000087500000, 0x0000000087500000, 0x0000000087600000|  0%| F|  |TAMS 0x0000000087500000, 0x0000000087500000| Untracked 
|  26|0x0000000087600000, 0x0000000087600000, 0x0000000087700000|  0%| F|  |TAMS 0x0000000087600000, 0x0000000087600000| Untracked 
|  27|0x0000000087700000, 0x0000000087700000, 0x0000000087800000|  0%| F|  |TAMS 0x0000000087700000, 0x0000000087700000| Untracked 
|  28|0x0000000087800000, 0x0000000087800000, 0x0000000087900000|  0%| F|  |TAMS 0x0000000087800000, 0x0000000087800000| Untracked 
|  29|0x0000000087900000, 0x0000000087900000, 0x0000000087a00000|  0%| F|  |TAMS 0x0000000087900000, 0x0000000087900000| Untracked 
|  30|0x0000000087a00000, 0x0000000087a00000, 0x0000000087b00000|  0%| F|  |TAMS 0x0000000087a00000, 0x0000000087a00000| Untracked 
|  31|0x0000000087b00000, 0x0000000087b00000, 0x0000000087c00000|  0%| F|  |TAMS 0x0000000087b00000, 0x0000000087b00000| Untracked 
|  32|0x0000000087c00000, 0x0000000087c00000, 0x0000000087d00000|  0%| F|  |TAMS 0x0000000087c00000, 0x0000000087c00000| Untracked 
|  33|0x0000000087d00000, 0x0000000087d00000, 0x0000000087e00000|  0%| F|  |TAMS 0x0000000087d00000, 0x0000000087d00000| Untracked 
|  34|0x0000000087e00000, 0x0000000087e00000, 0x0000000087f00000|  0%| F|  |TAMS 0x0000000087e00000, 0x0000000087e00000| Untracked 
|  35|0x0000000087f00000, 0x0000000087f00000, 0x0000000088000000|  0%| F|  |TAMS 0x0000000087f00000, 0x0000000087f00000| Untracked 
|  36|0x0000000088000000, 0x0000000088000000, 0x0000000088100000|  0%| F|  |TAMS 0x0000000088000000, 0x0000000088000000| Untracked 
|  37|0x0000000088100000, 0x0000000088100000, 0x0000000088200000|  0%| F|  |TAMS 0x0000000088100000, 0x0000000088100000| Untracked 
|  38|0x0000000088200000, 0x0000000088200000, 0x0000000088300000|  0%| F|  |TAMS 0x0000000088200000, 0x0000000088200000| Untracked 
|  39|0x0000000088300000, 0x0000000088300000, 0x0000000088400000|  0%| F|  |TAMS 0x0000000088300000, 0x0000000088300000| Untracked 
|  40|0x0000000088400000, 0x0000000088400000, 0x0000000088500000|  0%| F|  |TAMS 0x0000000088400000, 0x0000000088400000| Untracked 
|  41|0x0000000088500000, 0x0000000088500000, 0x0000000088600000|  0%| F|  |TAMS 0x0000000088500000, 0x0000000088500000| Untracked 
|  42|0x0000000088600000, 0x0000000088600000, 0x0000000088700000|  0%| F|  |TAMS 0x0000000088600000, 0x0000000088600000| Untracked 
|  43|0x0000000088700000, 0x0000000088700000, 0x0000000088800000|  0%| F|  |TAMS 0x0000000088700000, 0x0000000088700000| Untracked 
|  44|0x0000000088800000, 0x0000000088800000, 0x0000000088900000|  0%| F|  |TAMS 0x0000000088800000, 0x0000000088800000| Untracked 
|  45|0x0000000088900000, 0x0000000088900000, 0x0000000088a00000|  0%| F|  |TAMS 0x0000000088900000, 0x0000000088900000| Untracked 
|  46|0x0000000088a00000, 0x0000000088a00000, 0x0000000088b00000|  0%| F|  |TAMS 0x0000000088a00000, 0x0000000088a00000| Untracked 
|  47|0x0000000088b00000, 0x0000000088b00000, 0x0000000088c00000|  0%| F|  |TAMS 0x0000000088b00000, 0x0000000088b00000| Untracked 
|  48|0x0000000088c00000, 0x0000000088c00000, 0x0000000088d00000|  0%| F|  |TAMS 0x0000000088c00000, 0x0000000088c00000| Untracked 
|  49|0x0000000088d00000, 0x0000000088d00000, 0x0000000088e00000|  0%| F|  |TAMS 0x0000000088d00000, 0x0000000088d00000| Untracked 
|  50|0x0000000088e00000, 0x0000000088e00000, 0x0000000088f00000|  0%| F|  |TAMS 0x0000000088e00000, 0x0000000088e00000| Untracked 
|  51|0x0000000088f00000, 0x0000000088f00000, 0x0000000089000000|  0%| F|  |TAMS 0x0000000088f00000, 0x0000000088f00000| Untracked 
|  52|0x0000000089000000, 0x0000000089000000, 0x0000000089100000|  0%| F|  |TAMS 0x0000000089000000, 0x0000000089000000| Untracked 
|  53|0x0000000089100000, 0x0000000089100000, 0x0000000089200000|  0%| F|  |TAMS 0x0000000089100000, 0x0000000089100000| Untracked 
|  54|0x0000000089200000, 0x0000000089200000, 0x0000000089300000|  0%| F|  |TAMS 0x0000000089200000, 0x0000000089200000| Untracked 
|  55|0x0000000089300000, 0x0000000089300000, 0x0000000089400000|  0%| F|  |TAMS 0x0000000089300000, 0x0000000089300000| Untracked 
|  56|0x0000000089400000, 0x0000000089400000, 0x0000000089500000|  0%| F|  |TAMS 0x0000000089400000, 0x0000000089400000| Untracked 
|  57|0x0000000089500000, 0x0000000089500000, 0x0000000089600000|  0%| F|  |TAMS 0x0000000089500000, 0x0000000089500000| Untracked 
|  58|0x0000000089600000, 0x0000000089600000, 0x0000000089700000|  0%| F|  |TAMS 0x0000000089600000, 0x0000000089600000| Untracked 
|  59|0x0000000089700000, 0x0000000089700000, 0x0000000089800000|  0%| F|  |TAMS 0x0000000089700000, 0x0000000089700000| Untracked 
|  60|0x0000000089800000, 0x0000000089800000, 0x0000000089900000|  0%| F|  |TAMS 0x0000000089800000, 0x0000000089800000| Untracked 
|  61|0x0000000089900000, 0x0000000089900000, 0x0000000089a00000|  0%| F|  |TAMS 0x0000000089900000, 0x0000000089900000| Untracked 
|  62|0x0000000089a00000, 0x0000000089a00000, 0x0000000089b00000|  0%| F|  |TAMS 0x0000000089a00000, 0x0000000089a00000| Untracked 
|  63|0x0000000089b00000, 0x0000000089b00000, 0x0000000089c00000|  0%| F|  |TAMS 0x0000000089b00000, 0x0000000089b00000| Untracked 
|  64|0x0000000089c00000, 0x0000000089c00000, 0x0000000089d00000|  0%| F|  |TAMS 0x0000000089c00000, 0x0000000089c00000| Untracked 
|  65|0x0000000089d00000, 0x0000000089d00000, 0x0000000089e00000|  0%| F|  |TAMS 0x0000000089d00000, 0x0000000089d00000| Untracked 
|  66|0x0000000089e00000, 0x0000000089e00000, 0x0000000089f00000|  0%| F|  |TAMS 0x0000000089e00000, 0x0000000089e00000| Untracked 
|  67|0x0000000089f00000, 0x0000000089f00000, 0x000000008a000000|  0%| F|  |TAMS 0x0000000089f00000, 0x0000000089f00000| Untracked 
|  68|0x000000008a000000, 0x000000008a000000, 0x000000008a100000|  0%| F|  |TAMS 0x000000008a000000, 0x000000008a000000| Untracked 
|  69|0x000000008a100000, 0x000000008a100000, 0x000000008a200000|  0%| F|  |TAMS 0x000000008a100000, 0x000000008a100000| Untracked 
|  70|0x000000008a200000, 0x000000008a200000, 0x000000008a300000|  0%| F|  |TAMS 0x000000008a200000, 0x000000008a200000| Untracked 
|  71|0x000000008a300000, 0x000000008a300000, 0x000000008a400000|  0%| F|  |TAMS 0x000000008a300000, 0x000000008a300000| Untracked 
|  72|0x000000008a400000, 0x000000008a400000, 0x000000008a500000|  0%| F|  |TAMS 0x000000008a400000, 0x000000008a400000| Untracked 
|  73|0x000000008a500000, 0x000000008a500000, 0x000000008a600000|  0%| F|  |TAMS 0x000000008a500000, 0x000000008a500000| Untracked 
|  74|0x000000008a600000, 0x000000008a600000, 0x000000008a700000|  0%| F|  |TAMS 0x000000008a600000, 0x000000008a600000| Untracked 
|  75|0x000000008a700000, 0x000000008a700000, 0x000000008a800000|  0%| F|  |TAMS 0x000000008a700000, 0x000000008a700000| Untracked 
|  76|0x000000008a800000, 0x000000008a800000, 0x000000008a900000|  0%| F|  |TAMS 0x000000008a800000, 0x000000008a800000| Untracked 
|  77|0x000000008a900000, 0x000000008a900000, 0x000000008aa00000|  0%| F|  |TAMS 0x000000008a900000, 0x000000008a900000| Untracked 
|  78|0x000000008aa00000, 0x000000008aa00000, 0x000000008ab00000|  0%| F|  |TAMS 0x000000008aa00000, 0x000000008aa00000| Untracked 
|  79|0x000000008ab00000, 0x000000008ab00000, 0x000000008ac00000|  0%| F|  |TAMS 0x000000008ab00000, 0x000000008ab00000| Untracked 
|  80|0x000000008ac00000, 0x000000008ac00000, 0x000000008ad00000|  0%| F|  |TAMS 0x000000008ac00000, 0x000000008ac00000| Untracked 
|  81|0x000000008ad00000, 0x000000008ad00000, 0x000000008ae00000|  0%| F|  |TAMS 0x000000008ad00000, 0x000000008ad00000| Untracked 
|  82|0x000000008ae00000, 0x000000008ae00000, 0x000000008af00000|  0%| F|  |TAMS 0x000000008ae00000, 0x000000008ae00000| Untracked 
|  83|0x000000008af00000, 0x000000008af00000, 0x000000008b000000|  0%| F|  |TAMS 0x000000008af00000, 0x000000008af00000| Untracked 
|  84|0x000000008b000000, 0x000000008b000000, 0x000000008b100000|  0%| F|  |TAMS 0x000000008b000000, 0x000000008b000000| Untracked 
|  85|0x000000008b100000, 0x000000008b100000, 0x000000008b200000|  0%| F|  |TAMS 0x000000008b100000, 0x000000008b100000| Untracked 
|  86|0x000000008b200000, 0x000000008b200000, 0x000000008b300000|  0%| F|  |TAMS 0x000000008b200000, 0x000000008b200000| Untracked 
|  87|0x000000008b300000, 0x000000008b300000, 0x000000008b400000|  0%| F|  |TAMS 0x000000008b300000, 0x000000008b300000| Untracked 
|  88|0x000000008b400000, 0x000000008b400000, 0x000000008b500000|  0%| F|  |TAMS 0x000000008b400000, 0x000000008b400000| Untracked 
|  89|0x000000008b500000, 0x000000008b500000, 0x000000008b600000|  0%| F|  |TAMS 0x000000008b500000, 0x000000008b500000| Untracked 
|  90|0x000000008b600000, 0x000000008b600000, 0x000000008b700000|  0%| F|  |TAMS 0x000000008b600000, 0x000000008b600000| Untracked 
|  91|0x000000008b700000, 0x000000008b700000, 0x000000008b800000|  0%| F|  |TAMS 0x000000008b700000, 0x000000008b700000| Untracked 
|  92|0x000000008b800000, 0x000000008b800000, 0x000000008b900000|  0%| F|  |TAMS 0x000000008b800000, 0x000000008b800000| Untracked 
|  93|0x000000008b900000, 0x000000008b900000, 0x000000008ba00000|  0%| F|  |TAMS 0x000000008b900000, 0x000000008b900000| Untracked 
|  94|0x000000008ba00000, 0x000000008ba00000, 0x000000008bb00000|  0%| F|  |TAMS 0x000000008ba00000, 0x000000008ba00000| Untracked 
|  95|0x000000008bb00000, 0x000000008bb00000, 0x000000008bc00000|  0%| F|  |TAMS 0x000000008bb00000, 0x000000008bb00000| Untracked 
|  96|0x000000008bc00000, 0x000000008bc00000, 0x000000008bd00000|  0%| F|  |TAMS 0x000000008bc00000, 0x000000008bc00000| Untracked 
|  97|0x000000008bd00000, 0x000000008bd00000, 0x000000008be00000|  0%| F|  |TAMS 0x000000008bd00000, 0x000000008bd00000| Untracked 
|  98|0x000000008be00000, 0x000000008be00000, 0x000000008bf00000|  0%| F|  |TAMS 0x000000008be00000, 0x000000008be00000| Untracked 
|  99|0x000000008bf00000, 0x000000008bf00000, 0x000000008c000000|  0%| F|  |TAMS 0x000000008bf00000, 0x000000008bf00000| Untracked 
| 100|0x000000008c000000, 0x000000008c000000, 0x000000008c100000|  0%| F|  |TAMS 0x000000008c000000, 0x000000008c000000| Untracked 
| 101|0x000000008c100000, 0x000000008c100000, 0x000000008c200000|  0%| F|  |TAMS 0x000000008c100000, 0x000000008c100000| Untracked 
| 102|0x000000008c200000, 0x000000008c200000, 0x000000008c300000|  0%| F|  |TAMS 0x000000008c200000, 0x000000008c200000| Untracked 
| 103|0x000000008c300000, 0x000000008c300000, 0x000000008c400000|  0%| F|  |TAMS 0x000000008c300000, 0x000000008c300000| Untracked 
| 104|0x000000008c400000, 0x000000008c400000, 0x000000008c500000|  0%| F|  |TAMS 0x000000008c400000, 0x000000008c400000| Untracked 
| 105|0x000000008c500000, 0x000000008c500000, 0x000000008c600000|  0%| F|  |TAMS 0x000000008c500000, 0x000000008c500000| Untracked 
| 106|0x000000008c600000, 0x000000008c600000, 0x000000008c700000|  0%| F|  |TAMS 0x000000008c600000, 0x000000008c600000| Untracked 
| 107|0x000000008c700000, 0x000000008c700000, 0x000000008c800000|  0%| F|  |TAMS 0x000000008c700000, 0x000000008c700000| Untracked 
| 108|0x000000008c800000, 0x000000008c800000, 0x000000008c900000|  0%| F|  |TAMS 0x000000008c800000, 0x000000008c800000| Untracked 
| 109|0x000000008c900000, 0x000000008c900000, 0x000000008ca00000|  0%| F|  |TAMS 0x000000008c900000, 0x000000008c900000| Untracked 
| 110|0x000000008ca00000, 0x000000008ca48300, 0x000000008cb00000| 28%| E|  |TAMS 0x000000008ca00000, 0x000000008ca00000| Complete 
| 111|0x000000008cb00000, 0x000000008cc00000, 0x000000008cc00000|100%| E|CS|TAMS 0x000000008cb00000, 0x000000008cb00000| Complete 
| 112|0x000000008cc00000, 0x000000008cd00000, 0x000000008cd00000|100%| E|CS|TAMS 0x000000008cc00000, 0x000000008cc00000| Complete 
| 113|0x000000008cd00000, 0x000000008ce00000, 0x000000008ce00000|100%| E|CS|TAMS 0x000000008cd00000, 0x000000008cd00000| Complete 
| 114|0x000000008ce00000, 0x000000008cf00000, 0x000000008cf00000|100%| E|CS|TAMS 0x000000008ce00000, 0x000000008ce00000| Complete 
| 115|0x000000008cf00000, 0x000000008d000000, 0x000000008d000000|100%| E|CS|TAMS 0x000000008cf00000, 0x000000008cf00000| Complete 
| 116|0x000000008d000000, 0x000000008d100000, 0x000000008d100000|100%| E|CS|TAMS 0x000000008d000000, 0x000000008d000000| Complete 
| 117|0x000000008d100000, 0x000000008d200000, 0x000000008d200000|100%| E|CS|TAMS 0x000000008d100000, 0x000000008d100000| Complete 
| 118|0x000000008d200000, 0x000000008d300000, 0x000000008d300000|100%| E|CS|TAMS 0x000000008d200000, 0x000000008d200000| Complete 
| 119|0x000000008d300000, 0x000000008d400000, 0x000000008d400000|100%| E|CS|TAMS 0x000000008d300000, 0x000000008d300000| Complete 
| 120|0x000000008d400000, 0x000000008d500000, 0x000000008d500000|100%| E|CS|TAMS 0x000000008d400000, 0x000000008d400000| Complete 
| 121|0x000000008d500000, 0x000000008d600000, 0x000000008d600000|100%| E|CS|TAMS 0x000000008d500000, 0x000000008d500000| Complete 
| 122|0x000000008d600000, 0x000000008d700000, 0x000000008d700000|100%| E|CS|TAMS 0x000000008d600000, 0x000000008d600000| Complete 
| 123|0x000000008d700000, 0x000000008d800000, 0x000000008d800000|100%| E|CS|TAMS 0x000000008d700000, 0x000000008d700000| Complete 
|1954|0x00000000ffe00000, 0x00000000ffe47000, 0x00000000fff00000| 27%|OA|  |TAMS 0x00000000ffe00000, 0x00000000ffe00000| Untracked 
|1955|0x00000000fff00000, 0x00000000fff6b000, 0x0000000100000000| 41%|CA|  |TAMS 0x00000000fff00000, 0x00000000fff00000| Untracked 

Card table byte_map: [0x00007fd368a4d000,0x00007fd368e1f000] _byte_map_base: 0x00007fd36861f000

Marking Bits (Prev, Next): (CMBitMap*) 0x00007fd364058168, (CMBitMap*) 0x00007fd3640581a0
 Prev Bits: [0x00007fd346170000, 0x00007fd348000000)
 Next Bits: [0x00007fd3442e0000, 0x00007fd346170000)

Polling page: 0x00007fd36d552000

Metaspace:

Usage:
  Non-class:      5.03 MB capacity,     4.00 MB ( 79%) used,     1.03 MB ( 20%) free+waste,     5.88 KB ( <1%) overhead. 
      Class:    559.00 KB capacity,   465.84 KB ( 83%) used,    90.16 KB ( 16%) free+waste,     3.00 KB ( <1%) overhead. 
       Both:      5.57 MB capacity,     4.45 MB ( 80%) used,     1.11 MB ( 20%) free+waste,     8.88 KB ( <1%) overhead. 

Virtual space:
  Non-class space:        8.00 MB reserved,       5.25 MB ( 66%) committed 
      Class space:        1.00 GB reserved,     640.00 KB ( <1%) committed 
             Both:        1.01 GB reserved,       5.88 MB ( <1%) committed 

Chunk freelists:
   Non-Class:  35.00 KB
       Class:  17.00 KB
        Both:  52.00 KB

MaxMetaspaceSize: unlimited
CompressedClassSpaceSize: 1.00 GB

CodeHeap 'non-profiled nmethods': size=120032Kb used=205Kb max_used=205Kb free=119826Kb
 bounds [0x00007fd354364000, 0x00007fd3545d4000, 0x00007fd35b89c000]
CodeHeap 'profiled nmethods': size=120032Kb used=1183Kb max_used=1183Kb free=118848Kb
 bounds [0x00007fd34ce2c000, 0x00007fd34d09c000, 0x00007fd354364000]
CodeHeap 'non-nmethods': size=5696Kb used=1129Kb max_used=1149Kb free=4566Kb
 bounds [0x00007fd34c89c000, 0x00007fd34cb0c000, 0x00007fd34ce2c000]
 total_blobs=999 nmethods=634 adapters=286
 compilation: enabled
              stopped_count=0, restarted_count=0
 full_count=0

Compilation events (20 events):
Event: 0.402 Thread 0x00007fd364186000  626       3       java.lang.String::concat (115 bytes)
Event: 0.403 Thread 0x00007fd364186000 nmethod 626 0x00007fd34cf4ff90 code [0x00007fd34cf50220, 0x00007fd34cf50f00]
Event: 0.403 Thread 0x00007fd364186000  622       3       java.lang.ref.PhantomReference::<init> (7 bytes)
Event: 0.403 Thread 0x00007fd364186000 nmethod 622 0x00007fd34cf51410 code [0x00007fd34cf515e0, 0x00007fd34cf518d0]
Event: 0.404 Thread 0x00007fd364184000  629       4       java.lang.StringLatin1::replace (196 bytes)
Event: 0.404 Thread 0x00007fd364186000  627       3       java.util.Vector::add (23 bytes)
Event: 0.404 Thread 0x00007fd364186000 nmethod 627 0x00007fd34cf51990 code [0x00007fd34cf51ba0, 0x00007fd34cf52150]
Event: 0.404 Thread 0x00007fd364186000  630  s    3       java.util.Vector::addElement (24 bytes)
Event: 0.405 Thread 0x00007fd364186000 nmethod 630 0x00007fd34cf52390 code [0x00007fd34cf525a0, 0x00007fd34cf52d50]
Event: 0.405 Thread 0x00007fd364186000  628       1       java.lang.reflect.Method::getDeclaringClass (5 bytes)
Event: 0.405 Thread 0x00007fd364186000 nmethod 628 0x00007fd354396410 code [0x00007fd3543965c0, 0x00007fd354396690]
Event: 0.407 Thread 0x00007fd30806e800  631       4       java.util.Arrays::copyOf (19 bytes)
Event: 0.409 Thread 0x00007fd30806e800 nmethod 631 0x00007fd354396710 code [0x00007fd3543968a0, 0x00007fd354396a58]
Event: 0.409 Thread 0x00007fd364186000  632       3       java.lang.String::toLowerCase (8 bytes)
Event: 0.409 Thread 0x00007fd364186000 nmethod 632 0x00007fd34cf53010 code [0x00007fd34cf53200, 0x00007fd34cf53590]
Event: 0.409 Thread 0x00007fd364186000  633       3       java.util.Locale::getDefault (4 bytes)
Event: 0.409 Thread 0x00007fd364186000 nmethod 633 0x00007fd34cf53710 code [0x00007fd34cf538c0, 0x00007fd34cf539b0]
Event: 0.411 Thread 0x00007fd364186000  634       3       java.lang.reflect.Modifier::isPublic (12 bytes)
Event: 0.411 Thread 0x00007fd364186000 nmethod 634 0x00007fd34cf53a10 code [0x00007fd34cf53bc0, 0x00007fd34cf53cf0]
Event: 0.413 Thread 0x00007fd364184000 nmethod 629 0x00007fd354396b90 code [0x00007fd354396d40, 0x00007fd3543972d8]

GC Heap History (0 events):
No events

Deoptimization events (20 events):
Event: 0.252 Thread 0x00007fd364017800 DEOPT PACKING pc=0x00007fd34ce9359f sp=0x00007fd36d5391f0
Event: 0.252 Thread 0x00007fd364017800 DEOPT UNPACKING pc=0x00007fd34c8d34ba sp=0x00007fd36d5386d8 mode 0
Event: 0.255 Thread 0x00007fd364017800 DEOPT PACKING pc=0x00007fd34ce9359f sp=0x00007fd36d53a610
Event: 0.255 Thread 0x00007fd364017800 DEOPT UNPACKING pc=0x00007fd34c8d34ba sp=0x00007fd36d539af8 mode 0
Event: 0.255 Thread 0x00007fd364017800 DEOPT PACKING pc=0x00007fd34ce9359f sp=0x00007fd36d53a610
Event: 0.255 Thread 0x00007fd364017800 DEOPT UNPACKING pc=0x00007fd34c8d34ba sp=0x00007fd36d539af8 mode 0
Event: 0.255 Thread 0x00007fd364017800 DEOPT PACKING pc=0x00007fd34ce9359f sp=0x00007fd36d53a610
Event: 0.255 Thread 0x00007fd364017800 DEOPT UNPACKING pc=0x00007fd34c8d34ba sp=0x00007fd36d539af8 mode 0
Event: 0.257 Thread 0x00007fd364017800 DEOPT PACKING pc=0x00007fd34ce9359f sp=0x00007fd36d539170
Event: 0.257 Thread 0x00007fd364017800 DEOPT UNPACKING pc=0x00007fd34c8d34ba sp=0x00007fd36d538658 mode 0
Event: 0.273 Thread 0x00007fd364017800 DEOPT PACKING pc=0x00007fd34ce9d692 sp=0x00007fd36d53c960
Event: 0.273 Thread 0x00007fd364017800 DEOPT UNPACKING pc=0x00007fd34c8d34ba sp=0x00007fd36d53bde0 mode 0
Event: 0.274 Thread 0x00007fd364017800 DEOPT PACKING pc=0x00007fd34cea910a sp=0x00007fd36d53b1a0
Event: 0.274 Thread 0x00007fd364017800 DEOPT UNPACKING pc=0x00007fd34c8d34ba sp=0x00007fd36d53a648 mode 0
Event: 0.274 Thread 0x00007fd364017800 DEOPT PACKING pc=0x00007fd34cea7bfe sp=0x00007fd36d53b230
Event: 0.274 Thread 0x00007fd364017800 DEOPT UNPACKING pc=0x00007fd34c8d34ba sp=0x00007fd36d53a6d0 mode 0
Event: 0.276 Thread 0x00007fd364017800 DEOPT PACKING pc=0x00007fd34ce9d692 sp=0x00007fd36d53c650
Event: 0.276 Thread 0x00007fd364017800 DEOPT UNPACKING pc=0x00007fd34c8d34ba sp=0x00007fd36d53baf8 mode 0
Event: 0.298 Thread 0x00007fd364017800 DEOPT PACKING pc=0x00007fd34ce630cf sp=0x00007fd36d53cb90
Event: 0.298 Thread 0x00007fd364017800 DEOPT UNPACKING pc=0x00007fd34c8d34ba sp=0x00007fd36d53c038 mode 0

Classes redefined (2 events):
Event: 349.274 Thread 0x00007fd364175000 redefined class name=org.ghotibeaun.json.marshalling.MarshallingTests, count=1
Event: 370.323 Thread 0x00007fd364175000 redefined class name=org.ghotibeaun.json.marshalling.MarshallingTests, count=2

Internal exceptions (2 events):
Event: 0.159 Thread 0x00007fd364017800 Exception <a 'java/io/FileNotFoundException'{0x000000008d57d938}> (0x000000008d57d938) thrown at [./src/hotspot/share/prims/jni.cpp, line 615]
Event: 0.378 Thread 0x00007fd364017800 Exception <a 'java/lang/NoSuchMethodError'{0x000000008cda2338}: 'int java.lang.invoke.DirectMethodHandle$Holder.invokeSpecialIFC(java.lang.Object, java.lang.Object, int)'> (0x000000008cda2338) thrown at [./src/hotspot/share/interpreter/linkResolver.cpp, line 773]

Events (20 events):
Event: 349.327 Executing VM operation: GetFrameLocation done
Event: 349.327 Executing VM operation: GetOrSetLocal
Event: 349.327 Executing VM operation: GetOrSetLocal done
Event: 370.320 Executing VM operation: RedefineClasses
Event: 370.323 Executing VM operation: RedefineClasses done
Event: 370.329 Executing VM operation: ChangeBreakpoints
Event: 370.329 Executing VM operation: ChangeBreakpoints done
Event: 370.330 Executing VM operation: GetFrameCount
Event: 370.331 Executing VM operation: GetFrameCount done
Event: 370.331 Executing VM operation: GetStackTrace
Event: 370.331 Executing VM operation: GetStackTrace done
Event: 370.373 Executing VM operation: GetFrameCount
Event: 370.373 Executing VM operation: GetFrameCount done
Event: 370.373 Executing VM operation: GetOwnedMonitorInfo
Event: 370.373 Executing VM operation: GetOwnedMonitorInfo done
Event: 370.374 Executing VM operation: GetCurrentContendedMonitor
Event: 370.374 Executing VM operation: GetCurrentContendedMonitor done
Event: 370.379 Executing VM operation: GetFrameLocation
Event: 370.379 Executing VM operation: GetFrameLocation done
Event: 370.379 Executing VM operation: GetOrSetLocal


Dynamic libraries:
85c00000-8d800000 rw-p 00000000 00:00 0 
8d800000-ffe00000 ---p 00000000 00:00 0 
ffe00000-ffe47000 rw-p 01103000 08:01 103125128                          /usr/lib/jvm/java-11-openjdk-11.0.10.0.9-0.el7_9.x86_64/lib/server/classes.jsa
ffe47000-fff00000 rw-p 00000000 00:00 0 
fff00000-fff6b000 rw-p 01098000 08:01 103125128                          /usr/lib/jvm/java-11-openjdk-11.0.10.0.9-0.el7_9.x86_64/lib/server/classes.jsa
fff6b000-100000000 rw-p 00000000 00:00 0 
800000000-800002000 rwxp 00001000 08:01 103125128                        /usr/lib/jvm/java-11-openjdk-11.0.10.0.9-0.el7_9.x86_64/lib/server/classes.jsa
800002000-801097000 rw-p 00003000 08:01 103125128                        /usr/lib/jvm/java-11-openjdk-11.0.10.0.9-0.el7_9.x86_64/lib/server/classes.jsa
840000000-8400a0000 rw-p 00000000 00:00 0 
8400a0000-880000000 ---p 00000000 00:00 0 
563436032000-563436033000 r-xp 00000000 08:01 102904254                  /usr/lib/jvm/java-11-openjdk-11.0.10.0.9-0.el7_9.x86_64/bin/java
563436233000-563436234000 r--p 00001000 08:01 102904254                  /usr/lib/jvm/java-11-openjdk-11.0.10.0.9-0.el7_9.x86_64/bin/java
563436234000-563436235000 rw-p 00002000 08:01 102904254                  /usr/lib/jvm/java-11-openjdk-11.0.10.0.9-0.el7_9.x86_64/bin/java
563436a8e000-563436aaf000 rw-p 00000000 00:00 0                          [heap]
7fd2e8000000-7fd2e8021000 rw-p 00000000 00:00 0 
7fd2e8021000-7fd2ec000000 ---p 00000000 00:00 0 
7fd2f0000000-7fd2f0021000 rw-p 00000000 00:00 0 
7fd2f0021000-7fd2f4000000 ---p 00000000 00:00 0 
7fd2f4000000-7fd2f4021000 rw-p 00000000 00:00 0 
7fd2f4021000-7fd2f8000000 ---p 00000000 00:00 0 
7fd2f8000000-7fd2f8027000 rw-p 00000000 00:00 0 
7fd2f8027000-7fd2fc000000 ---p 00000000 00:00 0 
7fd2fc000000-7fd2fc02c000 rw-p 00000000 00:00 0 
7fd2fc02c000-7fd300000000 ---p 00000000 00:00 0 
7fd300000000-7fd300021000 rw-p 00000000 00:00 0 
7fd300021000-7fd304000000 ---p 00000000 00:00 0 
7fd304000000-7fd3041d0000 rw-p 00000000 00:00 0 
7fd3041d0000-7fd308000000 ---p 00000000 00:00 0 
7fd308000000-7fd308240000 rw-p 00000000 00:00 0 
7fd308240000-7fd30c000000 ---p 00000000 00:00 0 
7fd30c000000-7fd30c021000 rw-p 00000000 00:00 0 
7fd30c021000-7fd310000000 ---p 00000000 00:00 0 
7fd310000000-7fd310021000 rw-p 00000000 00:00 0 
7fd310021000-7fd314000000 ---p 00000000 00:00 0 
7fd314000000-7fd314240000 rw-p 00000000 00:00 0 
7fd314240000-7fd318000000 ---p 00000000 00:00 0 
7fd318000000-7fd318021000 rw-p 00000000 00:00 0 
7fd318021000-7fd31c000000 ---p 00000000 00:00 0 
7fd31dabe000-7fd324000000 r--p 00000000 08:01 100681564                  /usr/lib/locale/locale-archive
7fd324000000-7fd324021000 rw-p 00000000 00:00 0 
7fd324021000-7fd328000000 ---p 00000000 00:00 0 
7fd328000000-7fd328021000 rw-p 00000000 00:00 0 
7fd328021000-7fd32c000000 ---p 00000000 00:00 0 
7fd32c000000-7fd32c021000 rw-p 00000000 00:00 0 
7fd32c021000-7fd330000000 ---p 00000000 00:00 0 
7fd330000000-7fd33003a000 rw-p 00000000 00:00 0 
7fd33003a000-7fd334000000 ---p 00000000 00:00 0 
7fd334000000-7fd334021000 rw-p 00000000 00:00 0 
7fd334021000-7fd338000000 ---p 00000000 00:00 0 
7fd338000000-7fd338021000 rw-p 00000000 00:00 0 
7fd338021000-7fd33c000000 ---p 00000000 00:00 0 
7fd33c505000-7fd33c8c5000 rw-p 00000000 00:00 0 
7fd33c8c5000-7fd33c8c9000 ---p 00000000 00:00 0 
7fd33c8c9000-7fd33c9c6000 rw-p 00000000 00:00 0 
7fd33c9c6000-7fd33c9c8000 r-xp 00000000 08:01 67548696                   /usr/lib/jvm/java-11-openjdk-11.0.10.0.9-0.el7_9.x86_64/lib/libextnet.so
7fd33c9c8000-7fd33cbc7000 ---p 00002000 08:01 67548696                   /usr/lib/jvm/java-11-openjdk-11.0.10.0.9-0.el7_9.x86_64/lib/libextnet.so
7fd33cbc7000-7fd33cbc8000 r--p 00001000 08:01 67548696                   /usr/lib/jvm/java-11-openjdk-11.0.10.0.9-0.el7_9.x86_64/lib/libextnet.so
7fd33cbc8000-7fd33cbc9000 rw-p 00000000 00:00 0 
7fd33cbc9000-7fd33cbca000 ---p 00000000 00:00 0 
7fd33cbca000-7fd33cccb000 rw-p 00000000 00:00 0 
7fd33cccb000-7fd33cce2000 r-xp 00000000 08:01 67548587                   /usr/lib/jvm/java-11-openjdk-11.0.10.0.9-0.el7_9.x86_64/lib/libnet.so
7fd33cce2000-7fd33cee1000 ---p 00017000 08:01 67548587                   /usr/lib/jvm/java-11-openjdk-11.0.10.0.9-0.el7_9.x86_64/lib/libnet.so
7fd33cee1000-7fd33cee2000 r--p 00016000 08:01 67548587                   /usr/lib/jvm/java-11-openjdk-11.0.10.0.9-0.el7_9.x86_64/lib/libnet.so
7fd33cee2000-7fd33cee3000 rw-p 00017000 08:01 67548587                   /usr/lib/jvm/java-11-openjdk-11.0.10.0.9-0.el7_9.x86_64/lib/libnet.so
7fd33cee3000-7fd33cef4000 r-xp 00000000 08:01 67548588                   /usr/lib/jvm/java-11-openjdk-11.0.10.0.9-0.el7_9.x86_64/lib/libnio.so
7fd33cef4000-7fd33d0f3000 ---p 00011000 08:01 67548588                   /usr/lib/jvm/java-11-openjdk-11.0.10.0.9-0.el7_9.x86_64/lib/libnio.so
7fd33d0f3000-7fd33d0f4000 r--p 00010000 08:01 67548588                   /usr/lib/jvm/java-11-openjdk-11.0.10.0.9-0.el7_9.x86_64/lib/libnio.so
7fd33d0f4000-7fd33d0f5000 rw-p 00011000 08:01 67548588                   /usr/lib/jvm/java-11-openjdk-11.0.10.0.9-0.el7_9.x86_64/lib/libnio.so
7fd33d0f5000-7fd33d0f9000 ---p 00000000 00:00 0 
7fd33d0f9000-7fd33d1f6000 rw-p 00000000 00:00 0 
7fd33d1f6000-7fd33d1fa000 ---p 00000000 00:00 0 
7fd33d1fa000-7fd33d2f7000 rw-p 00000000 00:00 0 
7fd33d2f7000-7fd33d2fb000 ---p 00000000 00:00 0 
7fd33d2fb000-7fd33d3f8000 rw-p 00000000 00:00 0 
7fd33d3f8000-7fd33d3fd000 r-xp 00000000 08:01 67548695                   /usr/lib/jvm/java-11-openjdk-11.0.10.0.9-0.el7_9.x86_64/lib/libdt_socket.so
7fd33d3fd000-7fd33d5fc000 ---p 00005000 08:01 67548695                   /usr/lib/jvm/java-11-openjdk-11.0.10.0.9-0.el7_9.x86_64/lib/libdt_socket.so
7fd33d5fc000-7fd33d5fd000 r--p 00004000 08:01 67548695                   /usr/lib/jvm/java-11-openjdk-11.0.10.0.9-0.el7_9.x86_64/lib/libdt_socket.so
7fd33d5fd000-7fd33d5fe000 rw-p 00005000 08:01 67548695                   /usr/lib/jvm/java-11-openjdk-11.0.10.0.9-0.el7_9.x86_64/lib/libdt_socket.so
7fd33d5fe000-7fd33d602000 ---p 00000000 00:00 0 
7fd33d602000-7fd33d6ff000 rw-p 00000000 00:00 0 
7fd33d6ff000-7fd33d703000 ---p 00000000 00:00 0 
7fd33d703000-7fd33dd40000 rw-p 00000000 00:00 0 
7fd33dd40000-7fd33e000000 ---p 00000000 00:00 0 
7fd33e000000-7fd340000000 rw-p 00000000 00:00 0 
7fd340000000-7fd340021000 rw-p 00000000 00:00 0 
7fd340021000-7fd344000000 ---p 00000000 00:00 0 
7fd3440de000-7fd3440e2000 ---p 00000000 00:00 0 
7fd3440e2000-7fd3441df000 rw-p 00000000 00:00 0 
7fd3441df000-7fd3441e3000 ---p 00000000 00:00 0 
7fd3441e3000-7fd3444d0000 rw-p 00000000 00:00 0 
7fd3444d0000-7fd346168000 ---p 00000000 00:00 0 
7fd346168000-7fd346360000 rw-p 00000000 00:00 0 
7fd346360000-7fd347ff8000 ---p 00000000 00:00 0 
7fd347ff8000-7fd348000000 rw-p 00000000 00:00 0 
7fd348000000-7fd348021000 rw-p 00000000 00:00 0 
7fd348021000-7fd34c000000 ---p 00000000 00:00 0 
7fd34c010000-7fd34c014000 ---p 00000000 00:00 0 
7fd34c014000-7fd34c111000 rw-p 00000000 00:00 0 
7fd34c111000-7fd34c115000 ---p 00000000 00:00 0 
7fd34c115000-7fd34c212000 rw-p 00000000 00:00 0 
7fd34c212000-7fd34c216000 ---p 00000000 00:00 0 
7fd34c216000-7fd34c313000 rw-p 00000000 00:00 0 
7fd34c313000-7fd34c317000 ---p 00000000 00:00 0 
7fd34c317000-7fd34c414000 rw-p 00000000 00:00 0 
7fd34c414000-7fd34c418000 ---p 00000000 00:00 0 
7fd34c418000-7fd34c515000 rw-p 00000000 00:00 0 
7fd34c515000-7fd34c516000 ---p 00000000 00:00 0 
7fd34c516000-7fd34c698000 rw-p 00000000 00:00 0 
7fd34c698000-7fd34c699000 ---p 00000000 00:00 0 
7fd34c699000-7fd34c79a000 rw-p 00000000 00:00 0 
7fd34c79a000-7fd34c79b000 ---p 00000000 00:00 0 
7fd34c79b000-7fd34c89c000 rw-p 00000000 00:00 0 
7fd34c89c000-7fd34cb0c000 rwxp 00000000 00:00 0 
7fd34cb0c000-7fd34ce2c000 ---p 00000000 00:00 0 
7fd34ce2c000-7fd34d09c000 rwxp 00000000 00:00 0 
7fd34d09c000-7fd354364000 ---p 00000000 00:00 0 
7fd354364000-7fd3545d4000 rwxp 00000000 00:00 0 
7fd3545d4000-7fd35b89c000 ---p 00000000 00:00 0 
7fd35b89c000-7fd364000000 r--s 00000000 08:01 67548597                   /usr/lib/jvm/java-11-openjdk-11.0.10.0.9-0.el7_9.x86_64/lib/modules
7fd364000000-7fd36441a000 rw-p 00000000 00:00 0 
7fd36441a000-7fd368000000 ---p 00000000 00:00 0 
7fd368073000-7fd368477000 rw-p 00000000 00:00 0 
7fd368477000-7fd368478000 ---p 00000000 00:00 0 
7fd368478000-7fd368579000 rw-p 00000000 00:00 0 
7fd368579000-7fd36857a000 ---p 00000000 00:00 0 
7fd36857a000-7fd3686b9000 rw-p 00000000 00:00 0 
7fd3686b9000-7fd368a4c000 ---p 00000000 00:00 0 
7fd368a4c000-7fd368a8b000 rw-p 00000000 00:00 0 
7fd368a8b000-7fd368e1e000 ---p 00000000 00:00 0 
7fd368e1e000-7fd368e5d000 rw-p 00000000 00:00 0 
7fd368e5d000-7fd3691f0000 ---p 00000000 00:00 0 
7fd3691f0000-7fd3695f5000 rw-p 00000000 00:00 0 
7fd3695f5000-7fd3695f6000 ---p 00000000 00:00 0 
7fd3695f6000-7fd3696fc000 rw-p 00000000 00:00 0 
7fd3696fc000-7fd3697e2000 ---p 00000000 00:00 0 
7fd3697e2000-7fd3697e7000 rw-p 00000000 00:00 0 
7fd3697e7000-7fd3698cd000 ---p 00000000 00:00 0 
7fd3698cd000-7fd3698d4000 r-xp 00000000 08:01 67548596                   /usr/lib/jvm/java-11-openjdk-11.0.10.0.9-0.el7_9.x86_64/lib/libzip.so
7fd3698d4000-7fd369ad4000 ---p 00007000 08:01 67548596                   /usr/lib/jvm/java-11-openjdk-11.0.10.0.9-0.el7_9.x86_64/lib/libzip.so
7fd369ad4000-7fd369ad5000 r--p 00007000 08:01 67548596                   /usr/lib/jvm/java-11-openjdk-11.0.10.0.9-0.el7_9.x86_64/lib/libzip.so
7fd369ad5000-7fd369ad6000 rw-p 00000000 00:00 0 
7fd369ad6000-7fd369ae2000 r-xp 00000000 08:01 5192482                    /usr/lib64/libnss_files-2.17.so
7fd369ae2000-7fd369ce1000 ---p 0000c000 08:01 5192482                    /usr/lib64/libnss_files-2.17.so
7fd369ce1000-7fd369ce2000 r--p 0000b000 08:01 5192482                    /usr/lib64/libnss_files-2.17.so
7fd369ce2000-7fd369ce3000 rw-p 0000c000 08:01 5192482                    /usr/lib64/libnss_files-2.17.so
7fd369ce3000-7fd369ce9000 rw-p 00000000 00:00 0 
7fd369ce9000-7fd369cf3000 r-xp 00000000 08:01 67548699                   /usr/lib/jvm/java-11-openjdk-11.0.10.0.9-0.el7_9.x86_64/lib/libinstrument.so
7fd369cf3000-7fd369ef3000 ---p 0000a000 08:01 67548699                   /usr/lib/jvm/java-11-openjdk-11.0.10.0.9-0.el7_9.x86_64/lib/libinstrument.so
7fd369ef3000-7fd369ef4000 r--p 0000a000 08:01 67548699                   /usr/lib/jvm/java-11-openjdk-11.0.10.0.9-0.el7_9.x86_64/lib/libinstrument.so
7fd369ef4000-7fd369ef5000 rw-p 0000b000 08:01 67548699                   /usr/lib/jvm/java-11-openjdk-11.0.10.0.9-0.el7_9.x86_64/lib/libinstrument.so
7fd369ef5000-7fd369f32000 r-xp 00000000 08:01 67548578                   /usr/lib/jvm/java-11-openjdk-11.0.10.0.9-0.el7_9.x86_64/lib/libjdwp.so
7fd369f32000-7fd36a132000 ---p 0003d000 08:01 67548578                   /usr/lib/jvm/java-11-openjdk-11.0.10.0.9-0.el7_9.x86_64/lib/libjdwp.so
7fd36a132000-7fd36a133000 r--p 0003d000 08:01 67548578                   /usr/lib/jvm/java-11-openjdk-11.0.10.0.9-0.el7_9.x86_64/lib/libjdwp.so
7fd36a133000-7fd36a134000 rw-p 0003e000 08:01 67548578                   /usr/lib/jvm/java-11-openjdk-11.0.10.0.9-0.el7_9.x86_64/lib/libjdwp.so
7fd36a134000-7fd36a139000 r-xp 00000000 08:01 67548579                   /usr/lib/jvm/java-11-openjdk-11.0.10.0.9-0.el7_9.x86_64/lib/libjimage.so
7fd36a139000-7fd36a339000 ---p 00005000 08:01 67548579                   /usr/lib/jvm/java-11-openjdk-11.0.10.0.9-0.el7_9.x86_64/lib/libjimage.so
7fd36a339000-7fd36a33a000 r--p 00005000 08:01 67548579                   /usr/lib/jvm/java-11-openjdk-11.0.10.0.9-0.el7_9.x86_64/lib/libjimage.so
7fd36a33a000-7fd36a33b000 rw-p 00006000 08:01 67548579                   /usr/lib/jvm/java-11-openjdk-11.0.10.0.9-0.el7_9.x86_64/lib/libjimage.so
7fd36a33b000-7fd36a365000 r-xp 00000000 08:01 67548576                   /usr/lib/jvm/java-11-openjdk-11.0.10.0.9-0.el7_9.x86_64/lib/libjava.so
7fd36a365000-7fd36a564000 ---p 0002a000 08:01 67548576                   /usr/lib/jvm/java-11-openjdk-11.0.10.0.9-0.el7_9.x86_64/lib/libjava.so
7fd36a564000-7fd36a565000 r--p 00029000 08:01 67548576                   /usr/lib/jvm/java-11-openjdk-11.0.10.0.9-0.el7_9.x86_64/lib/libjava.so
7fd36a565000-7fd36a566000 rw-p 0002a000 08:01 67548576                   /usr/lib/jvm/java-11-openjdk-11.0.10.0.9-0.el7_9.x86_64/lib/libjava.so
7fd36a566000-7fd36a567000 rw-p 00000000 00:00 0 
7fd36a567000-7fd36a574000 r-xp 00000000 08:01 67548595                   /usr/lib/jvm/java-11-openjdk-11.0.10.0.9-0.el7_9.x86_64/lib/libverify.so
7fd36a574000-7fd36a774000 ---p 0000d000 08:01 67548595                   /usr/lib/jvm/java-11-openjdk-11.0.10.0.9-0.el7_9.x86_64/lib/libverify.so
7fd36a774000-7fd36a776000 r--p 0000d000 08:01 67548595                   /usr/lib/jvm/java-11-openjdk-11.0.10.0.9-0.el7_9.x86_64/lib/libverify.so
7fd36a776000-7fd36a777000 rw-p 00000000 00:00 0 
7fd36a777000-7fd36a77e000 r-xp 00000000 08:01 5192494                    /usr/lib64/librt-2.17.so
7fd36a77e000-7fd36a97d000 ---p 00007000 08:01 5192494                    /usr/lib64/librt-2.17.so
7fd36a97d000-7fd36a97e000 r--p 00006000 08:01 5192494                    /usr/lib64/librt-2.17.so
7fd36a97e000-7fd36a97f000 rw-p 00007000 08:01 5192494                    /usr/lib64/librt-2.17.so
7fd36a97f000-7fd36a994000 r-xp 00000000 08:01 5192462                    /usr/lib64/libgcc_s-4.8.5-20150702.so.1
7fd36a994000-7fd36ab93000 ---p 00015000 08:01 5192462                    /usr/lib64/libgcc_s-4.8.5-20150702.so.1
7fd36ab93000-7fd36ab94000 r--p 00014000 08:01 5192462                    /usr/lib64/libgcc_s-4.8.5-20150702.so.1
7fd36ab94000-7fd36ab95000 rw-p 00015000 08:01 5192462                    /usr/lib64/libgcc_s-4.8.5-20150702.so.1
7fd36ab95000-7fd36ac96000 r-xp 00000000 08:01 5192472                    /usr/lib64/libm-2.17.so
7fd36ac96000-7fd36ae95000 ---p 00101000 08:01 5192472                    /usr/lib64/libm-2.17.so
7fd36ae95000-7fd36ae96000 r--p 00100000 08:01 5192472                    /usr/lib64/libm-2.17.so
7fd36ae96000-7fd36ae97000 rw-p 00101000 08:01 5192472                    /usr/lib64/libm-2.17.so
7fd36ae97000-7fd36af80000 r-xp 00000000 08:01 7114                       /usr/lib64/libstdc++.so.6.0.19
7fd36af80000-7fd36b180000 ---p 000e9000 08:01 7114                       /usr/lib64/libstdc++.so.6.0.19
7fd36b180000-7fd36b188000 r--p 000e9000 08:01 7114                       /usr/lib64/libstdc++.so.6.0.19
7fd36b188000-7fd36b18a000 rw-p 000f1000 08:01 7114                       /usr/lib64/libstdc++.so.6.0.19
7fd36b18a000-7fd36b19f000 rw-p 00000000 00:00 0 
7fd36b19f000-7fd36c3b8000 r-xp 00000000 08:01 103125117                  /usr/lib/jvm/java-11-openjdk-11.0.10.0.9-0.el7_9.x86_64/lib/server/libjvm.so
7fd36c3b8000-7fd36c5b8000 ---p 01219000 08:01 103125117                  /usr/lib/jvm/java-11-openjdk-11.0.10.0.9-0.el7_9.x86_64/lib/server/libjvm.so
7fd36c5b8000-7fd36c68a000 r--p 01219000 08:01 103125117                  /usr/lib/jvm/java-11-openjdk-11.0.10.0.9-0.el7_9.x86_64/lib/server/libjvm.so
7fd36c68a000-7fd36c6c5000 rw-p 012eb000 08:01 103125117                  /usr/lib/jvm/java-11-openjdk-11.0.10.0.9-0.el7_9.x86_64/lib/server/libjvm.so
7fd36c6c5000-7fd36c71f000 rw-p 00000000 00:00 0 
7fd36c71f000-7fd36c8e3000 r-xp 00000000 08:01 6803                       /usr/lib64/libc-2.17.so
7fd36c8e3000-7fd36cae2000 ---p 001c4000 08:01 6803                       /usr/lib64/libc-2.17.so
7fd36cae2000-7fd36cae6000 r--p 001c3000 08:01 6803                       /usr/lib64/libc-2.17.so
7fd36cae6000-7fd36cae8000 rw-p 001c7000 08:01 6803                       /usr/lib64/libc-2.17.so
7fd36cae8000-7fd36caed000 rw-p 00000000 00:00 0 
7fd36caed000-7fd36caef000 r-xp 00000000 08:01 5192470                    /usr/lib64/libdl-2.17.so
7fd36caef000-7fd36ccef000 ---p 00002000 08:01 5192470                    /usr/lib64/libdl-2.17.so
7fd36ccef000-7fd36ccf0000 r--p 00002000 08:01 5192470                    /usr/lib64/libdl-2.17.so
7fd36ccf0000-7fd36ccf1000 rw-p 00003000 08:01 5192470                    /usr/lib64/libdl-2.17.so
7fd36ccf1000-7fd36cd01000 r-xp 00000000 08:01 34641594                   /usr/lib/jvm/java-11-openjdk-11.0.10.0.9-0.el7_9.x86_64/lib/jli/libjli.so
7fd36cd01000-7fd36cf00000 ---p 00010000 08:01 34641594                   /usr/lib/jvm/java-11-openjdk-11.0.10.0.9-0.el7_9.x86_64/lib/jli/libjli.so
7fd36cf00000-7fd36cf01000 r--p 0000f000 08:01 34641594                   /usr/lib/jvm/java-11-openjdk-11.0.10.0.9-0.el7_9.x86_64/lib/jli/libjli.so
7fd36cf01000-7fd36cf02000 rw-p 00010000 08:01 34641594                   /usr/lib/jvm/java-11-openjdk-11.0.10.0.9-0.el7_9.x86_64/lib/jli/libjli.so
7fd36cf02000-7fd36cf19000 r-xp 00000000 08:01 5192490                    /usr/lib64/libpthread-2.17.so
7fd36cf19000-7fd36d118000 ---p 00017000 08:01 5192490                    /usr/lib64/libpthread-2.17.so
7fd36d118000-7fd36d119000 r--p 00016000 08:01 5192490                    /usr/lib64/libpthread-2.17.so
7fd36d119000-7fd36d11a000 rw-p 00017000 08:01 5192490                    /usr/lib64/libpthread-2.17.so
7fd36d11a000-7fd36d11e000 rw-p 00000000 00:00 0 
7fd36d11e000-7fd36d133000 r-xp 00000000 08:01 11344                      /usr/lib64/libz.so.1.2.7
7fd36d133000-7fd36d332000 ---p 00015000 08:01 11344                      /usr/lib64/libz.so.1.2.7
7fd36d332000-7fd36d333000 r--p 00014000 08:01 11344                      /usr/lib64/libz.so.1.2.7
7fd36d333000-7fd36d334000 rw-p 00015000 08:01 11344                      /usr/lib64/libz.so.1.2.7
7fd36d334000-7fd36d356000 r-xp 00000000 08:01 5192465                    /usr/lib64/ld-2.17.so
7fd36d38f000-7fd36d396000 r--s 00000000 08:01 7105                       /usr/lib64/gconv/gconv-modules.cache
7fd36d396000-7fd36d437000 rw-p 00000000 00:00 0 
7fd36d437000-7fd36d43e000 ---p 00000000 00:00 0 
7fd36d43e000-7fd36d442000 ---p 00000000 00:00 0 
7fd36d442000-7fd36d544000 rw-p 00000000 00:00 0 
7fd36d549000-7fd36d54a000 rw-p 00000000 00:00 0 
7fd36d54a000-7fd36d552000 rw-s 00000000 08:01 70302906                   /tmp/hsperfdata_fdidev/16603
7fd36d552000-7fd36d553000 ---p 00000000 00:00 0 
7fd36d553000-7fd36d554000 r--p 00000000 00:00 0 
7fd36d554000-7fd36d555000 rw-p 00000000 00:00 0 
7fd36d555000-7fd36d556000 r--p 00021000 08:01 5192465                    /usr/lib64/ld-2.17.so
7fd36d556000-7fd36d557000 rw-p 00022000 08:01 5192465                    /usr/lib64/ld-2.17.so
7fd36d557000-7fd36d558000 rw-p 00000000 00:00 0 
7ffeff336000-7ffeff357000 rw-p 00000000 00:00 0                          [stack]
7ffeff377000-7ffeff379000 r-xp 00000000 00:00 0                          [vdso]
ffffffffff600000-ffffffffff601000 r-xp 00000000 00:00 0                  [vsyscall]


VM Arguments:
jvm_args: -agentlib:jdwp=transport=dt_socket,suspend=y,address=localhost:44771 -ea -javaagent:/home/fdidev/.eclipse/org.eclipse.platform_4.18.0_1473617060_linux_gtk_x86_64/configuration/org.eclipse.osgi/400/0/.cp/lib/javaagent-shaded.jar -Dfile.encoding=UTF-8 
java_command: org.eclipse.jdt.internal.junit.runner.RemoteTestRunner -version 3 -port 45995 -testLoaderClass org.eclipse.jdt.internal.junit4.runner.JUnit4TestLoader -loaderpluginname org.eclipse.jdt.junit4.runtime -classNames org.ghotibeaun.json.marshalling.MarshallingTests
java_class_path (initial): /home/fdidev/git/JSON-JEP/target/test-classes:/home/fdidev/git/JSON-JEP/target/classes:/home/fdidev/.m2/repository/junit/junit/4.13.1/junit-4.13.1.jar:/home/fdidev/.m2/repository/org/hamcrest/hamcrest-core/1.3/hamcrest-core-1.3.jar:/home/fdidev/.m2/repository/com/jayway/jsonpath/json-path/2.4.0/json-path-2.4.0.jar:/home/fdidev/.m2/repository/net/minidev/json-smart/2.3/json-smart-2.3.jar:/home/fdidev/.m2/repository/net/minidev/accessors-smart/1.2/accessors-smart-1.2.jar:/home/fdidev/.m2/repository/org/ow2/asm/asm/5.0.4/asm-5.0.4.jar:/home/fdidev/.m2/repository/org/slf4j/slf4j-api/1.7.25/slf4j-api-1.7.25.jar:/home/fdidev/.m2/repository/org/apache/logging/log4j/log4j-slf4j-impl/2.10.0/log4j-slf4j-impl-2.10.0.jar:/home/fdidev/.m2/repository/org/apache/logging/log4j/log4j-api/2.10.0/log4j-api-2.10.0.jar:/home/fdidev/.m2/repository/org/apache/logging/log4j/log4j-core/2.10.0/log4j-core-2.10.0.jar:/home/fdidev/.eclipse/org.eclipse.platform_4.18.0_1473617060_linux_gtk_x86_64/configuration/org.eclipse.osgi/398/0/.cp:/home/fdidev/.eclipse/org.eclipse.platform_4.18.0_1473617060_linux_gtk_x86_64/configuration/org.eclipse.osgi/397/0/.cp
Launcher Type: SUN_STANDARD

[Global flags]
     intx CICompilerCount                          = 3                                         {product} {ergonomic}
     uint ConcGCThreads                            = 1                                         {product} {ergonomic}
     uint G1ConcRefinementThreads                  = 4                                         {product} {ergonomic}
   size_t G1HeapRegionSize                         = 1048576                                   {product} {ergonomic}
    uintx GCDrainStackTargetSize                   = 64                                        {product} {ergonomic}
   size_t InitialHeapSize                          = 130023424                                 {product} {ergonomic}
   size_t MarkStackSize                            = 4194304                                   {product} {ergonomic}
   size_t MaxHeapSize                              = 2051014656                                {product} {ergonomic}
   size_t MaxNewSize                               = 1229979648                                {product} {ergonomic}
   size_t MinHeapDeltaBytes                        = 1048576                                   {product} {ergonomic}
    uintx NonNMethodCodeHeapSize                   = 5830732                                {pd product} {ergonomic}
    uintx NonProfiledCodeHeapSize                  = 122913754                              {pd product} {ergonomic}
    uintx ProfiledCodeHeapSize                     = 122913754                              {pd product} {ergonomic}
    uintx ReservedCodeCacheSize                    = 251658240                              {pd product} {ergonomic}
     bool SegmentedCodeCache                       = true                                      {product} {ergonomic}
     bool UseCompressedClassPointers               = true                                 {lp64_product} {ergonomic}
     bool UseCompressedOops                        = true                                 {lp64_product} {ergonomic}
     bool UseG1GC                                  = true                                      {product} {ergonomic}

Logging:
Log output configuration:
 #0: stdout all=warning uptime,level,tags
 #1: stderr all=off uptime,level,tags

Environment Variables:
JAVA_HOME=/usr/lib/jvm/java-11-openjdk-11.0.10.0.9-0.el7_9.x86_64
PATH=/home/fdidev/.sdkman/candidates/maven/current/bin:/home/fdidev/.sdkman/candidates/groovy/current/bin:/home/fdidev/.sdkman/candidates/gradle/current/bin:/home/fdidev/.sdkman/candidates/ant/current/bin:/home/fdidev/.nvm/versions/node/v12.20.1/bin:/usr/local/bin:/usr/bin:/bin:/usr/local/sbin:/usr/sbin:/home/fdidev/.local/bin:/home/fdidev/bin
SHELL=/bin/bash
DISPLAY=:0.0
LANG=en_US.utf8

Signal Handlers:
SIGSEGV: [libjvm.so+0xee62b0], sa_mask[0]=11111111011111111101111111111110, sa_flags=SA_RESTART|SA_SIGINFO
SIGBUS: [libjvm.so+0xee62b0], sa_mask[0]=11111111011111111101111111111110, sa_flags=SA_RESTART|SA_SIGINFO
SIGFPE: [libjvm.so+0xee62b0], sa_mask[0]=11111111011111111101111111111110, sa_flags=SA_RESTART|SA_SIGINFO
SIGPIPE: [libjvm.so+0xc32c60], sa_mask[0]=11111111011111111101111111111110, sa_flags=SA_RESTART|SA_SIGINFO
SIGXFSZ: [libjvm.so+0xc32c60], sa_mask[0]=11111111011111111101111111111110, sa_flags=SA_RESTART|SA_SIGINFO
SIGILL: [libjvm.so+0xee62b0], sa_mask[0]=11111111011111111101111111111110, sa_flags=SA_RESTART|SA_SIGINFO
SIGUSR2: [libjvm.so+0xc32ae0], sa_mask[0]=00100000000000000000000000000000, sa_flags=SA_RESTART|SA_SIGINFO
SIGHUP: [libjvm.so+0xc32e60], sa_mask[0]=11111111011111111101111111111110, sa_flags=SA_RESTART|SA_SIGINFO
SIGINT: [libjvm.so+0xc32e60], sa_mask[0]=11111111011111111101111111111110, sa_flags=SA_RESTART|SA_SIGINFO
SIGTERM: [libjvm.so+0xc32e60], sa_mask[0]=11111111011111111101111111111110, sa_flags=SA_RESTART|SA_SIGINFO
SIGQUIT: [libjvm.so+0xc32e60], sa_mask[0]=11111111011111111101111111111110, sa_flags=SA_RESTART|SA_SIGINFO


---------------  S Y S T E M  ---------------

OS:CentOS Linux release 7.9.2009 (Core)
uname:Linux 3.10.0-1160.11.1.el7.x86_64 #1 SMP Fri Dec 18 16:34:56 UTC 2020 x86_64
OS uptime: 1 days 8:21 hours
libc:glibc 2.17 NPTL 2.17 
rlimit (soft/hard): STACK 8192k/infinity , CORE 0k/infinity , NPROC 4096/31181 , NOFILE 4096/4096 , AS infinity/infinity , CPU infinity/infinity , DATA infinity/infinity , FSIZE infinity/infinity , MEMLOCK 64k/64k
load average:0.29 0.30 0.31

/proc/meminfo:
MemTotal:        8008712 kB
MemFree:          616400 kB
MemAvailable:     940584 kB
Buffers:               0 kB
Cached:           658732 kB
SwapCached:       218980 kB
Active:          4411788 kB
Inactive:        2405384 kB
Active(anon):    4126476 kB
Inactive(anon):  2179220 kB
Active(file):     285312 kB
Inactive(file):   226164 kB
Unevictable:         112 kB
Mlocked:             112 kB
SwapTotal:       2097148 kB
SwapFree:         226300 kB
Dirty:               376 kB
Writeback:             0 kB
AnonPages:       5951304 kB
Mapped:           233180 kB
Shmem:            147100 kB
Slab:             155940 kB
SReclaimable:      64316 kB
SUnreclaim:        91624 kB
KernelStack:       18816 kB
PageTables:        95080 kB
NFS_Unstable:          0 kB
Bounce:                0 kB
WritebackTmp:          0 kB
CommitLimit:     6101504 kB
Committed_AS:   18131124 kB
VmallocTotal:   34359738367 kB
VmallocUsed:       44396 kB
VmallocChunk:   34359634436 kB
Percpu:             1776 kB
HardwareCorrupted:     0 kB
AnonHugePages:   1968128 kB
CmaTotal:              0 kB
CmaFree:               0 kB
HugePages_Total:       0
HugePages_Free:        0
HugePages_Rsvd:        0
HugePages_Surp:        0
Hugepagesize:       2048 kB
DirectMap4k:      149440 kB
DirectMap2M:     8239104 kB

/sys/kernel/mm/transparent_hugepage/enabled:
[always] madvise never
/sys/kernel/mm/transparent_hugepage/defrag (defrag/compaction efforts parameter):
[always] madvise never

/proc/sys/kernel/threads-max (system-wide limit on the number of threads):
62363
/proc/sys/vm/max_map_count (maximum number of memory map areas a process may have):
65530
/proc/sys/kernel/pid_max (system-wide limit on number of process identifiers):
32768

container (cgroup) information:
container_type: cgroupv1
cpu_cpuset_cpus: 0-3
cpu_memory_nodes: 0
active_processor_count: 4
cpu_quota: -1
cpu_period: 100000
cpu_shares: -1
memory_limit_in_bytes: -1
memory_and_swap_limit_in_bytes: -1
memory_soft_limit_in_bytes: -1
memory_usage_in_bytes: 4520292352
memory_max_usage_in_bytes: 4986081280

KVM virtualization detected
Steal ticks since vm start: 0
Steal ticks percentage since vm start:  0.000

CPU:total 4 (initial active 4) (4 cores per cpu, 1 threads per core) family 6 model 158 stepping 9 microcode 0x0, cmov, cx8, fxsr, mmx, sse, sse2, sse3, ssse3, sse4.1, sse4.2, popcnt, avx, avx2, aes, clmul, 3dnowpref, lzcnt, tsc, tscinvbit
CPU Model and flags from /proc/cpuinfo:
model name	: Intel(R) Xeon(R) CPU E3-1505M v6 @ 3.00GHz
flags		: fpu vme de pse tsc msr pae mce cx8 apic sep mtrr pge mca cmov pat pse36 clflush mmx fxsr sse sse2 ht syscall nx rdtscp lm constant_tsc rep_good nopl xtopology nonstop_tsc eagerfpu pni pclmulqdq ssse3 cx16 pcid sse4_1 sse4_2 x2apic movbe popcnt aes xsave avx rdrand hypervisor lahf_lm abm 3dnowprefetch invpcid_single ibrs ibpb stibp fsgsbase avx2 invpcid rdseed clflushopt md_clear spec_ctrl intel_stibp flush_l1d
Online cpus:
0-3
Offline cpus:

BIOS frequency limitation:
<Not Available>
Frequency switch latency (ns):
<Not Available>
Available cpu frequencies:
<Not Available>
Current governor:
<Not Available>
Core performance/turbo boost:
<Not Available>

Memory: 4k page, physical 8008712k(616216k free), swap 2097148k(226300k free)

vm_info: OpenJDK 64-Bit Server VM (11.0.10+9-LTS) for linux-amd64 JRE (11.0.10+9-LTS), built on Jan 22 2021 15:36:55 by "mockbuild" with gcc 4.8.5 20150623 (Red Hat 4.8.5-44)

END.
